<?xml version="1.0" encoding="UTF-8"?>
<!-- Generated by org.testng.reporters.JUnitXMLReporter -->
<testsuite ignored="0" hostname="DESKTOP-7LGPRPJ" failures="0" tests="1" name="chrome test" time="0.138" errors="0" timestamp="2024-02-06T09:51:06 EET">
  <testcase classname="smokeTests.loginPage" name="@BeforeTest initData" time="0.01">
    <failure type="java.lang.NullPointerException" message="Cannot invoke &amp;quot;support.webdriver.setupDriver(String)&amp;quot; because &amp;quot;this.ex&amp;quot; is null">
      <![CDATA[java.lang.NullPointerException: Cannot invoke "support.webdriver.setupDriver(String)" because "this.ex" is null
at smokeTests.loginPage.initData(loginPage.java:35)
at java.base/java.util.concurrent.FutureTask.run(FutureTask.java:317)
at java.base/java.util.concurrent.ThreadPoolExecutor.runWorker(ThreadPoolExecutor.java:1144)
at java.base/java.util.concurrent.ThreadPoolExecutor$Worker.run(ThreadPoolExecutor.java:642)
at java.base/java.lang.Thread.run(Thread.java:1623)
... Removed 13 stack frames]]>
    </failure>
  </testcase> <!-- @BeforeTest initData -->
  <testcase classname="smokeTests.loginPage" name="@BeforeTest initData" time="0.01">
    <failure type="java.lang.NullPointerException" message="Cannot invoke &amp;quot;support.webdriver.setupDriver(String)&amp;quot; because &amp;quot;this.ex&amp;quot; is null">
      <![CDATA[java.lang.NullPointerException: Cannot invoke "support.webdriver.setupDriver(String)" because "this.ex" is null
at smokeTests.loginPage.initData(loginPage.java:35)
at java.base/java.util.concurrent.FutureTask.run(FutureTask.java:317)
at java.base/java.util.concurrent.ThreadPoolExecutor.runWorker(ThreadPoolExecutor.java:1144)
at java.base/java.util.concurrent.ThreadPoolExecutor$Worker.run(ThreadPoolExecutor.java:642)
at java.base/java.lang.Thread.run(Thread.java:1623)
... Removed 13 stack frames]]>
    </failure>
  </testcase> <!-- @BeforeTest initData -->
  <testcase classname="smokeTests.loginPage" name="login" time="0.0">
    <skipped/>
  </testcase> <!-- login -->
</testsuite> <!-- chrome test -->
